2021-07-25 03:30:26,348 musegan.model        INFO     Building model.
2021-07-25 03:32:41,241 musegan.model        INFO     Building model.
2021-07-25 03:34:50,563 musegan.model        INFO     Building model.
2021-07-25 03:36:33,947 musegan.model        INFO     Building model.
2021-07-25 03:37:31,746 musegan.model        INFO     Building model.
2021-07-25 03:37:31,749 musegan.model        INFO     Building training nodes.
2021-07-25 03:37:34,064 musegan.model        INFO     Building losses.
2021-07-25 03:37:34,439 musegan.model        INFO     Building training ops.
2021-07-25 03:37:39,086 musegan.model        INFO     Building summaries.
2021-07-25 03:37:39,093 musegan.model        INFO     Building prediction nodes.
2021-07-25 03:38:37,116 musegan.model        INFO     Building model.
2021-07-25 03:38:37,118 musegan.model        INFO     Building training nodes.
2021-07-25 03:38:39,422 musegan.model        INFO     Building losses.
2021-07-25 03:38:39,785 musegan.model        INFO     Building training ops.
2021-07-25 03:38:44,386 musegan.model        INFO     Building summaries.
2021-07-25 03:38:44,455 musegan.model        INFO     Building prediction nodes.
2021-07-25 04:18:30,211 musegan.model        INFO     Building model.
2021-07-25 04:18:30,212 musegan.model        INFO     Building training nodes.
2021-07-25 04:18:32,389 musegan.model        INFO     Building losses.
2021-07-25 04:18:32,747 musegan.model        INFO     Building training ops.
2021-07-25 04:18:37,413 musegan.model        INFO     Building summaries.
2021-07-25 04:18:37,420 musegan.model        INFO     Building prediction nodes.
2021-07-25 05:00:54,150 musegan.model        INFO     Building model.
2021-07-25 05:00:54,152 musegan.model        INFO     Building training nodes.
2021-07-25 05:00:56,488 musegan.model        INFO     Building losses.
2021-07-25 05:00:56,876 musegan.model        INFO     Building training ops.
2021-07-25 05:01:01,892 musegan.model        INFO     Building summaries.
2021-07-25 05:01:01,901 musegan.model        INFO     Building prediction nodes.
2021-07-25 06:36:18,591 musegan.model        INFO     Building model.
2021-07-25 06:36:18,593 musegan.model        INFO     Building training nodes.
2021-07-25 06:36:20,939 musegan.model        INFO     Building losses.
2021-07-25 06:36:21,337 musegan.model        INFO     Building training ops.
2021-07-25 06:36:26,305 musegan.model        INFO     Building summaries.
2021-07-25 06:36:26,312 musegan.model        INFO     Building prediction nodes.
2021-07-25 07:46:55,976 musegan.model        INFO     Building model.
2021-07-25 07:46:55,977 musegan.model        INFO     Building training nodes.
2021-07-25 07:46:58,159 musegan.model        INFO     Building losses.
2021-07-25 07:46:58,521 musegan.model        INFO     Building training ops.
2021-07-25 07:47:03,228 musegan.model        INFO     Building summaries.
2021-07-25 07:47:03,235 musegan.model        INFO     Building prediction nodes.
2021-07-25 08:35:20,268 musegan.model        INFO     Building model.
2021-07-25 08:35:20,269 musegan.model        INFO     Building training nodes.
2021-07-25 08:35:22,454 musegan.model        INFO     Building losses.
2021-07-25 08:35:22,822 musegan.model        INFO     Building training ops.
2021-07-25 08:35:27,471 musegan.model        INFO     Building summaries.
2021-07-25 08:35:27,478 musegan.model        INFO     Building prediction nodes.
